{"name": "Проверка успешного создания заказа", "status": "failed", "statusDetails": {"message": "AssertionError: assert (500 == 201)\n +  where 500 = <Response [500]>.status_code", "trace": "self = <test_order.TestOrderCreate object at 0x104c59670>, order_data = {'address': 'ул. Главная 13-13', 'color': ['BLACK'], 'comment': 'just test comment 3', 'deliveryDate': '2024-09-09', ...}\n\n    @allure.title('Проверка успешного создания заказа')\n    @allure.description('При создании заказа передаются все обязательные и необязательные поля')\n    @pytest.mark.parametrize(\"order_data\", data)\n    # тут два теста с отправкой одного цвета будут падать, так как, видимо, в API баг\n    def test_order_create_required_fields_success_create(self, order_data):\n        response = requests.post('http://qa-scooter.praktikum-services.ru/api/v1/orders/', data=order_data)\n>       assert response.status_code == 201 and 'track' in response.json()\nE       assert (500 == 201)\nE        +  where 500 = <Response [500]>.status_code\n\ntests/test_order.py:55: AssertionError"}, "description": "При создании заказа передаются все обязательные и необязательные поля", "parameters": [{"name": "order_data", "value": "{'firstName': 'Mister', 'lastName': 'Black', 'address': 'ул. Главная 13-13', 'metroStation': 11, 'phone': '+7 999 999 99 99', 'rentTime': 4, 'deliveryDate': '2024-09-09', 'comment': 'just test comment 3', 'color': ['BLACK']}"}], "start": 1709833423670, "stop": 1709833423845, "uuid": "3dd59b59-2b98-49b8-98f5-3dba61d7ba48", "historyId": "a98dc1883622fa6ac7e95eef64e41832", "testCaseId": "c06782de32619d8b4d0c1d9eba38bef3", "fullName": "tests.test_order.TestOrderCreate#test_order_create_required_fields_success_create", "labels": [{"name": "parentSuite", "value": "tests"}, {"name": "suite", "value": "test_order"}, {"name": "subSuite", "value": "TestOrderCreate"}, {"name": "host", "value": "Radiuss-MacBook-Air.local"}, {"name": "thread", "value": "79342-MainThread"}, {"name": "framework", "value": "pytest"}, {"name": "language", "value": "cpython3"}, {"name": "package", "value": "tests.test_order"}]}