{"name": "Проверка невозможности создания курьера если не передаются поля", "status": "failed", "statusDetails": {"message": "AssertionError: assert 201 == 400\n +  where 201 = <Response [201]>.status_code", "trace": "self = <test_courier.TestCourierCreate object at 0x104c58410>, missing_credentials = {'login': 'iamtestcourier3218', 'password': '4434343'}\n\n    @allure.title('Проверка невозможности создания курьера если не передаются поля')\n    @allure.description('При создании курьера одно, два или три поля не передается')\n    @pytest.mark.parametrize(\"missing_credentials\", [\n        {},\n        {'login': \"iamtestcourier\" + str(fake.random_int(0, 9999)), 'password': '4434343'},\n        {'login': \"iamtestcourier\" + str(fake.random_int(0, 9999)), 'firstName': 'Iamtestcourier'},\n        {'login': \"iamtestcourier\" + str(fake.random_int(0, 9999))},\n        {'password': '4434343', 'firstName': 'Iamtestcourier'},\n        {'password': '4434343'},\n        {'firstName': 'Iamtestcourier'}\n    ])\n    # тут один тест будет падать, так как, по всей видимости поле 'firstName' не является обязательным\n    def test_courier_login_no_fields_error_message(self, missing_credentials):\n        response = requests.post('http://qa-scooter.praktikum-services.ru/api/v1/courier/', data=missing_credentials)\n>       assert response.status_code == 400\nE       assert 201 == 400\nE        +  where 201 = <Response [201]>.status_code\n\ntests/test_courier.py:121: AssertionError"}, "description": "При создании курьера одно, два или три поля не передается", "parameters": [{"name": "missing_credentials", "value": "{'login': 'iamtestcourier3218', 'password': '4434343'}"}], "start": 1709833421013, "stop": 1709833421206, "uuid": "42975ecd-0851-45d2-8bb5-193b2dcc85c3", "historyId": "dc52ac15cc2811706b836f5c66c91fb3", "testCaseId": "c159908d556388da1bfc4f35b36c5e61", "fullName": "tests.test_courier.TestCourierCreate#test_courier_login_no_fields_error_message", "labels": [{"name": "parentSuite", "value": "tests"}, {"name": "suite", "value": "test_courier"}, {"name": "subSuite", "value": "TestCourierCreate"}, {"name": "host", "value": "Radiuss-MacBook-Air.local"}, {"name": "thread", "value": "79342-MainThread"}, {"name": "framework", "value": "pytest"}, {"name": "language", "value": "cpython3"}, {"name": "package", "value": "tests.test_courier"}]}