{"name": "Проверка невозможности создания курьера если передаются пустые поля", "status": "failed", "statusDetails": {"message": "AssertionError: assert 201 == 400\n +  where 201 = <Response [201]>.status_code", "trace": "self = <test_courier.TestCourierCreate object at 0x104bfbf80>, missing_credentials = {'firstName': '', 'login': 'iamtestcourier801', 'password': '4434343'}\n\n    @allure.title('Проверка невозможности создания курьера если передаются пустые поля')\n    @allure.description('При создании курьера одно, два или три поля остаются пустыми')\n    @pytest.mark.parametrize(\"missing_credentials\", [\n        {'login': '', 'password': '', 'firstName': ''},\n        {'login': \"iamtestcourier\" + str(fake.random_int(0, 9999)), 'password': '', 'firstName': ''},\n        {'login': \"iamtestcourier\" + str(fake.random_int(0, 9999)), 'password': '4434343', 'firstName': ''},\n        {'login': \"iamtestcourier\" + str(fake.random_int(0, 9999)), 'password': '', 'firstName': 'Iamtestcourier'},\n        {'login': '', 'password': '', 'firstName': 'Iamtestcourier'},\n        {'login': '', 'password': '4434343', 'firstName': ''},\n        {'login': '', 'password': '4434343', 'firstName': 'Iamtestcourier'}\n    ])\n    # тут один тест будет падать, так как, по всей видимости поле 'firstName' не является обязательным\n    def test_courier_login_empty_fields_error_message(self, missing_credentials):\n        response = requests.post('http://qa-scooter.praktikum-services.ru/api/v1/courier/', data=missing_credentials)\n>       assert response.status_code == 400\nE       assert 201 == 400\nE        +  where 201 = <Response [201]>.status_code\n\ntests/test_courier.py:105: AssertionError"}, "description": "При создании курьера одно, два или три поля остаются пустыми", "parameters": [{"name": "missing_credentials", "value": "{'login': 'iamtestcourier801', 'password': '4434343', 'firstName': ''}"}], "start": 1709833419882, "stop": 1709833420085, "uuid": "debc31c4-1397-4e97-8417-3d24fbe86177", "historyId": "02a6f2ed770460bb2e36fdfa44cae9df", "testCaseId": "c3b732fb90261104478907bb6a1736fb", "fullName": "tests.test_courier.TestCourierCreate#test_courier_login_empty_fields_error_message", "labels": [{"name": "parentSuite", "value": "tests"}, {"name": "suite", "value": "test_courier"}, {"name": "subSuite", "value": "TestCourierCreate"}, {"name": "host", "value": "Radiuss-MacBook-Air.local"}, {"name": "thread", "value": "79342-MainThread"}, {"name": "framework", "value": "pytest"}, {"name": "language", "value": "cpython3"}, {"name": "package", "value": "tests.test_courier"}]}